2020-03-26 12:47:50 Error: [Cake\Http\Exception\NotFoundException] Please replace src/Template/Pages/home.ctp with your own version or re-enable debug mode. (C:\Program Files\VertrigoServ\www\cakephp\src\Template\Pages\home.ctp:25)
#0 C:\Program Files\VertrigoServ\www\cakephp\vendor\cakephp\cakephp\src\View\View.php(1420): include()
#1 C:\Program Files\VertrigoServ\www\cakephp\vendor\cakephp\cakephp\src\View\View.php(1381): Cake\View\View->_evaluate('C:\\Program File...', Array)
#2 C:\Program Files\VertrigoServ\www\cakephp\vendor\cakephp\cakephp\src\View\View.php(879): Cake\View\View->_render('C:\\Program File...')
#3 C:\Program Files\VertrigoServ\www\cakephp\vendor\cakephp\cakephp\src\Controller\Controller.php(795): Cake\View\View->render('home', NULL)
#4 C:\Program Files\VertrigoServ\www\cakephp\src\Controller\PagesController.php(60): Cake\Controller\Controller->render('home')
#5 C:\Program Files\VertrigoServ\www\cakephp\vendor\cakephp\cakephp\src\Controller\Controller.php(609): App\Controller\PagesController->display('home')
#6 C:\Program Files\VertrigoServ\www\cakephp\vendor\cakephp\cakephp\src\Http\ActionDispatcher.php(120): Cake\Controller\Controller->invokeAction()
#7 C:\Program Files\VertrigoServ\www\cakephp\vendor\cakephp\cakephp\src\Http\ActionDispatcher.php(94): Cake\Http\ActionDispatcher->_invoke(Object(App\Controller\PagesController))
#8 C:\Program Files\VertrigoServ\www\cakephp\vendor\cakephp\cakephp\src\Http\BaseApplication.php(234): Cake\Http\ActionDispatcher->dispatch(Object(Cake\Http\ServerRequest), Object(Cake\Http\Response))
#9 C:\Program Files\VertrigoServ\www\cakephp\vendor\cakephp\cakephp\src\Http\Runner.php(65): Cake\Http\BaseApplication->__invoke(Object(Cake\Http\ServerRequest), Object(Cake\Http\Response), Object(Cake\Http\Runner))
#10 C:\Program Files\VertrigoServ\www\cakephp\vendor\cakephp\cakephp\src\Http\Runner.php(65): Cake\Http\Runner->__invoke(Object(Cake\Http\ServerRequest), Object(Cake\Http\Response), Object(Cake\Http\Runner))
#11 C:\Program Files\VertrigoServ\www\cakephp\vendor\cakephp\cakephp\src\Http\Middleware\CsrfProtectionMiddleware.php(120): Cake\Http\Runner->__invoke(Object(Cake\Http\ServerRequest), Object(Cake\Http\Response))
#12 C:\Program Files\VertrigoServ\www\cakephp\vendor\cakephp\cakephp\src\Http\Runner.php(65): Cake\Http\Middleware\CsrfProtectionMiddleware->__invoke(Object(Cake\Http\ServerRequest), Object(Cake\Http\Response), Object(Cake\Http\Runner))
#13 C:\Program Files\VertrigoServ\www\cakephp\vendor\cakephp\cakephp\src\Http\Runner.php(51): Cake\Http\Runner->__invoke(Object(Cake\Http\ServerRequest), Object(Cake\Http\Response))
#14 C:\Program Files\VertrigoServ\www\cakephp\vendor\cakephp\cakephp\src\Routing\Middleware\RoutingMiddleware.php(168): Cake\Http\Runner->run(Object(Cake\Http\MiddlewareQueue), Object(Cake\Http\ServerRequest), Object(Cake\Http\Response))
#15 C:\Program Files\VertrigoServ\www\cakephp\vendor\cakephp\cakephp\src\Http\Runner.php(65): Cake\Routing\Middleware\RoutingMiddleware->__invoke(Object(Cake\Http\ServerRequest), Object(Cake\Http\Response), Object(Cake\Http\Runner))
#16 C:\Program Files\VertrigoServ\www\cakephp\vendor\cakephp\cakephp\src\Routing\Middleware\AssetMiddleware.php(88): Cake\Http\Runner->__invoke(Object(Cake\Http\ServerRequest), Object(Cake\Http\Response))
#17 C:\Program Files\VertrigoServ\www\cakephp\vendor\cakephp\cakephp\src\Http\Runner.php(65): Cake\Routing\Middleware\AssetMiddleware->__invoke(Object(Cake\Http\ServerRequest), Object(Cake\Http\Response), Object(Cake\Http\Runner))
#18 C:\Program Files\VertrigoServ\www\cakephp\vendor\cakephp\cakephp\src\Error\Middleware\ErrorHandlerMiddleware.php(96): Cake\Http\Runner->__invoke(Object(Cake\Http\ServerRequest), Object(Cake\Http\Response))
#19 C:\Program Files\VertrigoServ\www\cakephp\vendor\cakephp\cakephp\src\Http\Runner.php(65): Cake\Error\Middleware\ErrorHandlerMiddleware->__invoke(Object(Cake\Http\ServerRequest), Object(Cake\Http\Response), Object(Cake\Http\Runner))
#20 C:\Program Files\VertrigoServ\www\cakephp\vendor\cakephp\cakephp\src\Http\Runner.php(51): Cake\Http\Runner->__invoke(Object(Cake\Http\ServerRequest), Object(Cake\Http\Response))
#21 C:\Program Files\VertrigoServ\www\cakephp\vendor\cakephp\cakephp\src\Http\Server.php(97): Cake\Http\Runner->run(Object(Cake\Http\MiddlewareQueue), Object(Cake\Http\ServerRequest), Object(Cake\Http\Response))
#22 C:\Program Files\VertrigoServ\www\cakephp\webroot\index.php(40): Cake\Http\Server->run()
#23 {main}
Request URL: /


